== Build Type:    Debug
== Using CUDA CXX: /usr/local/cuda-13.0/bin/nvcc
== Building tensor library


✅ Library build is up-to-date.
== Configuring core
-- Found OwnTensor headers: /home/blubridge-029/Downloads/cgad/cgadimpl_/tensor/include
-- Found OwnTensor library: /home/blubridge-029/Downloads/cgad/cgadimpl_/tensor/lib/libtensor.so
-- Forcing NovaCompiler include dir: /home/blubridge-029/Downloads/cgad/cgadimpl_/Nova-Compiler/install/include
-- cgadimpl build mode: Debug
-- Configuring done (0.0s)
-- Generating done (0.1s)
-- Build files have been written to: /home/blubridge-029/Downloads/cgad/cgadimpl_/cgadimpl/build
== Building core
[  1%] Building CXX object CMakeFiles/cgadimpl.dir/src/autodiff/autodiff_vjp_ops.cpp.o
/home/blubridge-029/Downloads/cgad/cgadimpl_/cgadimpl/include/ad/detail/ops/activation.def: In function ‘void (* ag::vjp_lookup(Op))(Node*, const OwnTensor::Tensor&)’:
/home/blubridge-029/Downloads/cgad/cgadimpl_/cgadimpl/src/autodiff/autodiff_vjp_ops.cpp:339:61: error: ‘vjp_Sigmoid’ is not a member of ‘ag::detail’; did you mean ‘vjp_Sign’?
  339 | #define OP(name, arity, str) case Op::name: return &detail::vjp_##name;
      |                                                             ^~~~
/home/blubridge-029/Downloads/cgad/cgadimpl_/cgadimpl/include/ad/detail/ops/activation.def:25:1: note: in expansion of macro ‘OP’
   25 | OP(Sigmoid,   1,    "sigmoid")     // 1/(1 + e^-x) - squashes to (0, 1)
      | ^~
/home/blubridge-029/Downloads/cgad/cgadimpl_/cgadimpl/src/autodiff/autodiff_vjp_ops.cpp:339:61: error: ‘vjp_Softplus’ is not a member of ‘ag::detail’
  339 | #define OP(name, arity, str) case Op::name: return &detail::vjp_##name;
      |                                                             ^~~~
/home/blubridge-029/Downloads/cgad/cgadimpl_/cgadimpl/include/ad/detail/ops/activation.def:27:1: note: in expansion of macro ‘OP’
   27 | OP(Softplus,  1,    "softplus")    // log(1 + e^x) - smooth approximation of ReLU
      | ^~
/home/blubridge-029/Downloads/cgad/cgadimpl_/cgadimpl/src/autodiff/autodiff_vjp_ops.cpp:339:61: error: ‘vjp_GELU’ is not a member of ‘ag::detail’
  339 | #define OP(name, arity, str) case Op::name: return &detail::vjp_##name;
      |                                                             ^~~~
/home/blubridge-029/Downloads/cgad/cgadimpl_/cgadimpl/include/ad/detail/ops/activation.def:30:1: note: in expansion of macro ‘OP’
   30 | OP(GELU,      1,    "gelu")        // x * Φ(x) - Gaussian Error Linear Unit (used in BERT, GPT)
      | ^~
/home/blubridge-029/Downloads/cgad/cgadimpl_/cgadimpl/src/autodiff/autodiff_vjp_ops.cpp:339:61: error: ‘vjp_SiLU’ is not a member of ‘ag::detail’; did you mean ‘vjp_Sinh’?
  339 | #define OP(name, arity, str) case Op::name: return &detail::vjp_##name;
      |                                                             ^~~~
/home/blubridge-029/Downloads/cgad/cgadimpl_/cgadimpl/include/ad/detail/ops/activation.def:31:1: note: in expansion of macro ‘OP’
   31 | OP(SiLU,      1,    "silu")        // x * sigmoid(x) - also called Swish
      | ^~
/home/blubridge-029/Downloads/cgad/cgadimpl_/cgadimpl/src/autodiff/autodiff_vjp_ops.cpp:339:61: error: ‘vjp_Mish’ is not a member of ‘ag::detail’; did you mean ‘vjp_Sinh’?
  339 | #define OP(name, arity, str) case Op::name: return &detail::vjp_##name;
      |                                                             ^~~~
/home/blubridge-029/Downloads/cgad/cgadimpl_/cgadimpl/include/ad/detail/ops/activation.def:32:1: note: in expansion of macro ‘OP’
   32 | OP(Mish,      1,    "mish")        // x * tanh(softplus(x)) - smooth, self-regularizing
      | ^~
/home/blubridge-029/Downloads/cgad/cgadimpl_/cgadimpl/src/autodiff/autodiff_vjp_ops.cpp:339:61: error: ‘vjp_LeakyRelu’ is not a member of ‘ag::detail’; did you mean ‘vjp_Relu’?
  339 | #define OP(name, arity, str) case Op::name: return &detail::vjp_##name;
      |                                                             ^~~~
/home/blubridge-029/Downloads/cgad/cgadimpl_/cgadimpl/include/ad/detail/ops/activation.def:35:1: note: in expansion of macro ‘OP’
   35 | OP(LeakyRelu, 2,    "leakyrelu")   // max(αx, x) where α is small (e.g., 0.01)
      | ^~
/home/blubridge-029/Downloads/cgad/cgadimpl_/cgadimpl/src/autodiff/autodiff_vjp_ops.cpp:339:61: error: ‘vjp_Gaus’ is not a member of ‘ag::detail’
  339 | #define OP(name, arity, str) case Op::name: return &detail::vjp_##name;
      |                                                             ^~~~
/home/blubridge-029/Downloads/cgad/cgadimpl_/cgadimpl/include/ad/detail/ops/activation.def:39:1: note: in expansion of macro ‘OP’
   39 | OP(Gaus,      1,    "gaus")        // e^(-x²) - Gaussian activation
      | ^~
/home/blubridge-029/Downloads/cgad/cgadimpl_/cgadimpl/src/autodiff/autodiff_vjp_ops.cpp:339:61: error: ‘vjp_Parcon’ is not a member of ‘ag::detail’; did you mean ‘vjp_Acos’?
  339 | #define OP(name, arity, str) case Op::name: return &detail::vjp_##name;
      |                                                             ^~~~
/home/blubridge-029/Downloads/cgad/cgadimpl_/cgadimpl/include/ad/detail/ops/activation.def:40:1: note: in expansion of macro ‘OP’
   40 | OP(Parcon,    1,    "parcon")      // Parametric concave activation
      | ^~
/home/blubridge-029/Downloads/cgad/cgadimpl_/cgadimpl/src/autodiff/autodiff_vjp_ops.cpp:339:61: error: ‘vjp_LiSHT’ is not a member of ‘ag::detail’
  339 | #define OP(name, arity, str) case Op::name: return &detail::vjp_##name;
      |                                                             ^~~~
/home/blubridge-029/Downloads/cgad/cgadimpl_/cgadimpl/include/ad/detail/ops/activation.def:41:1: note: in expansion of macro ‘OP’
   41 | OP(LiSHT,     1,    "lisht")       // x * tanh(x) - Linearly Scaled Hyperbolic Tangent
      | ^~
/home/blubridge-029/Downloads/cgad/cgadimpl_/cgadimpl/src/autodiff/autodiff_vjp_ops.cpp:339:61: error: ‘vjp_FMA’ is not a member of ‘ag::detail’
  339 | #define OP(name, arity, str) case Op::name: return &detail::vjp_##name;
      |                                                             ^~~~
/home/blubridge-029/Downloads/cgad/cgadimpl_/cgadimpl/include/ad/detail/ops/linalg.def:36:1: note: in expansion of macro ‘OP’
   36 | OP(FMA,       3,    "fmab")        // A @ B + C, fused multiply-add
      | ^~
/home/blubridge-029/Downloads/cgad/cgadimpl_/cgadimpl/src/autodiff/autodiff_vjp_ops.cpp:339:61: error: ‘vjp_LayerNorm’ is not a member of ‘ag::detail’
  339 | #define OP(name, arity, str) case Op::name: return &detail::vjp_##name;
      |                                                             ^~~~
/home/blubridge-029/Downloads/cgad/cgadimpl_/cgadimpl/include/ad/detail/ops/normalization.def:27:1: note: in expansion of macro ‘OP’
   27 | OP(LayerNorm,     1, "layernorm")      // Basic LayerNorm (no learnable params)
      | ^~
/home/blubridge-029/Downloads/cgad/cgadimpl_/cgadimpl/src/autodiff/autodiff_vjp_ops.cpp:339:61: error: ‘vjp_RealLayerNorm’ is not a member of ‘ag::detail’; did you mean ‘vjp_RealRMSNorm’?
  339 | #define OP(name, arity, str) case Op::name: return &detail::vjp_##name;
      |                                                             ^~~~
/home/blubridge-029/Downloads/cgad/cgadimpl_/cgadimpl/include/ad/detail/ops/normalization.def:28:1: note: in expansion of macro ‘OP’
   28 | OP(RealLayerNorm, 4, "reallayernorm")  // LayerNorm with γ (gain) and β (bias)
      | ^~
/home/blubridge-029/Downloads/cgad/cgadimpl_/cgadimpl/src/autodiff/autodiff_vjp_ops.cpp:339:61: error: ‘vjp_RMSNorm’ is not a member of ‘ag::detail’; did you mean ‘vjp_RealRMSNorm’?
  339 | #define OP(name, arity, str) case Op::name: return &detail::vjp_##name;
      |                                                             ^~~~
/home/blubridge-029/Downloads/cgad/cgadimpl_/cgadimpl/include/ad/detail/ops/normalization.def:32:1: note: in expansion of macro ‘OP’
   32 | OP(RMSNorm,       1, "rmsnorm")        // x / sqrt(mean(x²) + ε)
      | ^~
/home/blubridge-029/Downloads/cgad/cgadimpl_/cgadimpl/src/autodiff/autodiff_vjp_ops.cpp:339:61: error: ‘vjp_Dyntanh’ is not a member of ‘ag::detail’; did you mean ‘vjp_Tanh’?
  339 | #define OP(name, arity, str) case Op::name: return &detail::vjp_##name;
      |                                                             ^~~~
/home/blubridge-029/Downloads/cgad/cgadimpl_/cgadimpl/include/ad/detail/ops/normalization.def:36:1: note: in expansion of macro ‘OP’
   36 | OP(Dyntanh,       4, "dyntanh")        // Dynamic tanh: b + g * tanh(a * x)
      | ^~
/home/blubridge-029/Downloads/cgad/cgadimpl_/cgadimpl/src/autodiff/autodiff_vjp_ops.cpp:339:61: error: ‘vjp_Attention’ is not a member of ‘ag::detail’
  339 | #define OP(name, arity, str) case Op::name: return &detail::vjp_##name;
      |                                                             ^~~~
/home/blubridge-029/Downloads/cgad/cgadimpl_/cgadimpl/include/ad/detail/ops/attention.def:27:1: note: in expansion of macro ‘OP’
   27 | OP(Attention,      4, "attention")       // Full attention: (X, Wq, Wk, Wv)
      | ^~
/home/blubridge-029/Downloads/cgad/cgadimpl_/cgadimpl/src/autodiff/autodiff_vjp_ops.cpp:339:61: error: ‘vjp_SWIGLU’ is not a member of ‘ag::detail’; did you mean ‘vjp_Sign’?
  339 | #define OP(name, arity, str) case Op::name: return &detail::vjp_##name;
      |                                                             ^~~~
/home/blubridge-029/Downloads/cgad/cgadimpl_/cgadimpl/include/ad/detail/ops/attention.def:32:1: note: in expansion of macro ‘OP’
   32 | OP(SWIGLU,         1, "swiglu")          // SwiGLU: swish(xW) ⊙ (xV)
      | ^~
/home/blubridge-029/Downloads/cgad/cgadimpl_/cgadimpl/src/autodiff/autodiff_vjp_ops.cpp:339:61: error: ‘vjp_MOE’ is not a member of ‘ag::detail’; did you mean ‘vjp_Mul’?
  339 | #define OP(name, arity, str) case Op::name: return &detail::vjp_##name;
      |                                                             ^~~~
/home/blubridge-029/Downloads/cgad/cgadimpl_/cgadimpl/include/ad/detail/ops/attention.def:36:1: note: in expansion of macro ‘OP’
   36 | OP(MOE,            3, "moe")             // Mixture of Experts layer
      | ^~
gmake[2]: *** [CMakeFiles/cgadimpl.dir/build.make:90: CMakeFiles/cgadimpl.dir/src/autodiff/autodiff_vjp_ops.cpp.o] Error 1
gmake[1]: *** [CMakeFiles/Makefile2:388: CMakeFiles/cgadimpl.dir/all] Error 2
gmake: *** [Makefile:101: all] Error 2
